app/build/intermediates/manifest_merge_blame_file/debug/manifest-merger-blame-debug-report.txt
1<?xml version="1.0" encoding="utf-8"?>
2<manifest xmlns:android="http://schemas.android.com/apk/res/android"
3    package="com.example.swampapp"
4    android:versionCode="1"
5    android:versionName="1.0" >
6
7    <uses-sdk
8        android:minSdkVersion="21"
8-->src/main/AndroidManifest.xml
9        android:targetSdkVersion="29" />
9-->src/main/AndroidManifest.xml
10
11    <uses-permission android:name="android.permission.BLUETOOTH_ADMIN" />
11-->src/main/AndroidManifest.xml:5:5-73
11-->src/main/AndroidManifest.xml:5:22-71
12    <uses-permission android:name="android.permission.BLUETOOTH" />
12-->src/main/AndroidManifest.xml:6:5-67
12-->src/main/AndroidManifest.xml:6:22-65
13    <uses-permission android:name="android.permission.ACCESS_FINE_LOCATION" />
13-->src/main/AndroidManifest.xml:7:5-78
13-->src/main/AndroidManifest.xml:7:22-76
14
15    <application
15-->src/main/AndroidManifest.xml:9:5-27:19
16        android:allowBackup="true"
16-->src/main/AndroidManifest.xml:10:9-35
17        android:appComponentFactory="androidx.core.app.CoreComponentFactory"
17-->[androidx.core:core:1.0.1] AndroidManifest.xml:22:18-86
18        android:debuggable="true"
19        android:icon="@mipmap/ic_launcher"
19-->src/main/AndroidManifest.xml:11:9-43
20        android:label="@string/app_name"
20-->src/main/AndroidManifest.xml:12:9-41
21        android:roundIcon="@mipmap/ic_launcher_round"
21-->src/main/AndroidManifest.xml:13:9-54
22        android:supportsRtl="true"
22-->src/main/AndroidManifest.xml:14:9-35
23        android:testOnly="true"
24        android:theme="@style/AppTheme" >
24-->src/main/AndroidManifest.xml:15:9-40
25        <service android:name="com.example.swampapp.BluetoothLeService" />
25-->src/main/AndroidManifest.xml:16:9-55
25-->src/main/AndroidManifest.xml:16:18-52
26
27        <activity android:name="com.example.swampapp.DeviceActivity" />
27-->src/main/AndroidManifest.xml:17:9-61
27-->src/main/AndroidManifest.xml:17:19-49
28        <activity android:name="com.example.swampapp.TerminalActivity" />
28-->src/main/AndroidManifest.xml:18:9-54
28-->src/main/AndroidManifest.xml:18:19-51
29        <activity android:name="com.example.swampapp.DevicesListActivity" />
29-->src/main/AndroidManifest.xml:19:9-57
29-->src/main/AndroidManifest.xml:19:19-54
30        <activity android:name="com.example.swampapp.MainActivity" >
30-->src/main/AndroidManifest.xml:20:9-26:20
30-->src/main/AndroidManifest.xml:20:19-47
31            <intent-filter>
31-->src/main/AndroidManifest.xml:21:13-25:29
32                <action android:name="android.intent.action.MAIN" />
32-->src/main/AndroidManifest.xml:22:17-69
32-->src/main/AndroidManifest.xml:22:25-66
33
34                <category android:name="android.intent.category.LAUNCHER" />
34-->src/main/AndroidManifest.xml:24:17-77
34-->src/main/AndroidManifest.xml:24:27-74
35            </intent-filter>
36        </activity>
37        <activity
37-->[com.google.android.gms:play-services-base:17.0.0] AndroidManifest.xml:23:9-26:75
38            android:name="com.google.android.gms.common.api.GoogleApiActivity"
38-->[com.google.android.gms:play-services-base:17.0.0] AndroidManifest.xml:24:13-79
39            android:exported="false"
39-->[com.google.android.gms:play-services-base:17.0.0] AndroidManifest.xml:25:13-37
40            android:theme="@android:style/Theme.Translucent.NoTitleBar" />
40-->[com.google.android.gms:play-services-base:17.0.0] AndroidManifest.xml:26:13-72
41
42        <meta-data
42-->[com.google.android.gms:play-services-basement:17.0.0] AndroidManifest.xml:23:9-25:69
43            android:name="com.google.android.gms.version"
43-->[com.google.android.gms:play-services-basement:17.0.0] AndroidManifest.xml:24:13-58
44            android:value="@integer/google_play_services_version" />
44-->[com.google.android.gms:play-services-basement:17.0.0] AndroidManifest.xml:25:13-66
45    </application>
46
47</manifest>